<?xml version="1.0" encoding="UTF-8"?>
<testsuite name="service.observers.VariableObserverTest" tests="3" skipped="0" failures="0" errors="0" timestamp="2020-04-08T18:11:36" hostname="LAPTOP-ECUIEG3N" time="0.002">
  <properties/>
  <testcase name="test_extractEmail" classname="service.observers.VariableObserverTest" time="0.001"/>
  <testcase name="test_extractName_singleWord" classname="service.observers.VariableObserverTest" time="0.0"/>
  <testcase name="test_extractDate" classname="service.observers.VariableObserverTest" time="0.0"/>
  <system-out><![CDATA[]]></system-out>
  <system-err><![CDATA[]]></system-err>
</testsuite>
